[28-Jul-2025 14:44:54 UTC] PHP Deprecated:  preg_split(): Passing null to parameter #2 ($subject) of type string is deprecated in /var/www/html/wp-includes/formatting.php on line 3483
[28-Jul-2025 14:44:55 UTC] PHP Fatal error:  Uncaught ArgumentCountError: Too few arguments to function Journey_To_Wealth_DCF_Model::calculate(), 8 passed in /var/www/html/wp-content/plugins/journey-to-wealth/public/class-journey-to-wealth-public.php on line 494 and exactly 9 expected in /var/www/html/wp-content/plugins/journey-to-wealth/includes/analysis/models/class-journey-to-wealth-dcf-model.php:192
Stack trace:
#0 /var/www/html/wp-content/plugins/journey-to-wealth/public/class-journey-to-wealth-public.php(494): Journey_To_Wealth_DCF_Model->calculate(Array, Array, Array, Array, Array, Array, 513.95, Array)
#1 /var/www/html/wp-content/plugins/journey-to-wealth/public/class-journey-to-wealth-public.php(426): Journey_To_Wealth_Public->get_valuation_results(Array, Array, Array, Array, Array, Array, 513.95, Array)
#2 /var/www/html/wp-includes/class-wp-hook.php(324): Journey_To_Wealth_Public->ajax_fetch_section_data('')
#3 /var/www/html/wp-includes/class-wp-hook.php(348): WP_Hook->apply_filters('', Array)
#4 /var/www/html/wp-includes/plugin.php(517): WP_Hook->do_action(Array)
#5 /var/www/html/wp-admin/admin-ajax.php(192): do_action('wp_ajax_jtw_fet...')
#6 {main}
  thrown in /var/www/html/wp-content/plugins/journey-to-wealth/includes/analysis/models/class-journey-to-wealth-dcf-model.php on line 192
[28-Jul-2025 14:44:55 UTC] PHP Fatal error:  Uncaught Error: Call to private method Journey_To_Wealth_DCF_Model::get_initial_growth_rate() from scope Journey_To_Wealth_Public in /var/www/html/wp-content/plugins/journey-to-wealth/public/class-journey-to-wealth-public.php:380
Stack trace:
#0 /var/www/html/wp-includes/class-wp-hook.php(324): Journey_To_Wealth_Public->ajax_fetch_section_data('')
#1 /var/www/html/wp-includes/class-wp-hook.php(348): WP_Hook->apply_filters('', Array)
#2 /var/www/html/wp-includes/plugin.php(517): WP_Hook->do_action(Array)
#3 /var/www/html/wp-admin/admin-ajax.php(192): do_action('wp_ajax_jtw_fet...')
#4 {main}
  thrown in /var/www/html/wp-content/plugins/journey-to-wealth/public/class-journey-to-wealth-public.php on line 380
[28-Jul-2025 14:48:23 UTC] PHP Deprecated:  Optional parameter $beta_details declared before required parameter $growth_rate_source is implicitly treated as a required parameter in /var/www/html/wp-content/plugins/journey-to-wealth/includes/analysis/models/class-journey-to-wealth-dcf-model.php on line 196
[28-Jul-2025 14:48:23 UTC] PHP Notice:  Function Perflab_Server_Timing::send_header was called <strong>incorrectly</strong>. The method must be called before headers have been sent. Please see <a href="https://developer.wordpress.org/advanced-administration/debug/debug-wordpress/">Debugging in WordPress</a> for more information.  in /var/www/html/wp-includes/functions.php on line 6121
[28-Jul-2025 14:48:23 UTC] PHP Deprecated:  preg_split(): Passing null to parameter #2 ($subject) of type string is deprecated in /var/www/html/wp-includes/formatting.php on line 3483
[28-Jul-2025 14:48:23 UTC] PHP Fatal error:  Uncaught ArgumentCountError: Too few arguments to function Journey_To_Wealth_DCF_Model::calculate(), 8 passed in /var/www/html/wp-content/plugins/journey-to-wealth/public/class-journey-to-wealth-public.php on line 494 and exactly 9 expected in /var/www/html/wp-content/plugins/journey-to-wealth/includes/analysis/models/class-journey-to-wealth-dcf-model.php:196
Stack trace:
#0 /var/www/html/wp-content/plugins/journey-to-wealth/public/class-journey-to-wealth-public.php(494): Journey_To_Wealth_DCF_Model->calculate(Array, Array, Array, Array, Array, Array, 513.95, Array)
#1 /var/www/html/wp-content/plugins/journey-to-wealth/public/class-journey-to-wealth-public.php(426): Journey_To_Wealth_Public->get_valuation_results(Array, Array, Array, Array, Array, Array, 513.95, Array)
#2 /var/www/html/wp-includes/class-wp-hook.php(324): Journey_To_Wealth_Public->ajax_fetch_section_data('')
#3 /var/www/html/wp-includes/class-wp-hook.php(348): WP_Hook->apply_filters('', Array)
#4 /var/www/html/wp-includes/plugin.php(517): WP_Hook->do_action(Array)
#5 /var/www/html/wp-admin/admin-ajax.php(192): do_action('wp_ajax_jtw_fet...')
#6 {main}
  thrown in /var/www/html/wp-content/plugins/journey-to-wealth/includes/analysis/models/class-journey-to-wealth-dcf-model.php on line 196
[28-Jul-2025 14:48:23 UTC] PHP Fatal error:  Uncaught Error: Call to private method Journey_To_Wealth_DCF_Model::get_initial_growth_rate() from scope Journey_To_Wealth_Public in /var/www/html/wp-content/plugins/journey-to-wealth/public/class-journey-to-wealth-public.php:380
Stack trace:
#0 /var/www/html/wp-includes/class-wp-hook.php(324): Journey_To_Wealth_Public->ajax_fetch_section_data('')
#1 /var/www/html/wp-includes/class-wp-hook.php(348): WP_Hook->apply_filters('', Array)
#2 /var/www/html/wp-includes/plugin.php(517): WP_Hook->do_action(Array)
#3 /var/www/html/wp-admin/admin-ajax.php(192): do_action('wp_ajax_jtw_fet...')
#4 {main}
  thrown in /var/www/html/wp-content/plugins/journey-to-wealth/public/class-journey-to-wealth-public.php on line 380
[28-Jul-2025 14:48:24 UTC] PHP Deprecated:  preg_split(): Passing null to parameter #2 ($subject) of type string is deprecated in /var/www/html/wp-includes/formatting.php on line 3483
[28-Jul-2025 14:48:24 UTC] PHP Fatal error:  Uncaught Error: Call to private method Journey_To_Wealth_DCF_Model::get_initial_growth_rate() from scope Journey_To_Wealth_Public in /var/www/html/wp-content/plugins/journey-to-wealth/public/class-journey-to-wealth-public.php:380
Stack trace:
#0 /var/www/html/wp-includes/class-wp-hook.php(324): Journey_To_Wealth_Public->ajax_fetch_section_data('')
#1 /var/www/html/wp-includes/class-wp-hook.php(348): WP_Hook->apply_filters('', Array)
#2 /var/www/html/wp-includes/plugin.php(517): WP_Hook->do_action(Array)
#3 /var/www/html/wp-admin/admin-ajax.php(192): do_action('wp_ajax_jtw_fet...')
#4 {main}
  thrown in /var/www/html/wp-content/plugins/journey-to-wealth/public/class-journey-to-wealth-public.php on line 380
[28-Jul-2025 14:48:24 UTC] PHP Fatal error:  Uncaught ArgumentCountError: Too few arguments to function Journey_To_Wealth_DCF_Model::calculate(), 8 passed in /var/www/html/wp-content/plugins/journey-to-wealth/public/class-journey-to-wealth-public.php on line 494 and exactly 9 expected in /var/www/html/wp-content/plugins/journey-to-wealth/includes/analysis/models/class-journey-to-wealth-dcf-model.php:196
Stack trace:
#0 /var/www/html/wp-content/plugins/journey-to-wealth/public/class-journey-to-wealth-public.php(494): Journey_To_Wealth_DCF_Model->calculate(Array, Array, Array, Array, Array, Array, 513.95, Array)
#1 /var/www/html/wp-content/plugins/journey-to-wealth/public/class-journey-to-wealth-public.php(426): Journey_To_Wealth_Public->get_valuation_results(Array, Array, Array, Array, Array, Array, 513.95, Array)
#2 /var/www/html/wp-includes/class-wp-hook.php(324): Journey_To_Wealth_Public->ajax_fetch_section_data('')
#3 /var/www/html/wp-includes/class-wp-hook.php(348): WP_Hook->apply_filters('', Array)
#4 /var/www/html/wp-includes/plugin.php(517): WP_Hook->do_action(Array)
#5 /var/www/html/wp-admin/admin-ajax.php(192): do_action('wp_ajax_jtw_fet...')
#6 {main}
  thrown in /var/www/html/wp-content/plugins/journey-to-wealth/includes/analysis/models/class-journey-to-wealth-dcf-model.php on line 196
[28-Jul-2025 15:06:53 UTC] PHP Deprecated:  preg_split(): Passing null to parameter #2 ($subject) of type string is deprecated in /var/www/html/wp-includes/formatting.php on line 3483
[28-Jul-2025 15:06:54 UTC] PHP Fatal error:  Uncaught Error: Call to private method Journey_To_Wealth_DCF_Model::get_initial_growth_rate() from scope Journey_To_Wealth_Public in /var/www/html/wp-content/plugins/journey-to-wealth/public/class-journey-to-wealth-public.php:380
Stack trace:
#0 /var/www/html/wp-includes/class-wp-hook.php(324): Journey_To_Wealth_Public->ajax_fetch_section_data('')
#1 /var/www/html/wp-includes/class-wp-hook.php(348): WP_Hook->apply_filters('', Array)
#2 /var/www/html/wp-includes/plugin.php(517): WP_Hook->do_action(Array)
#3 /var/www/html/wp-admin/admin-ajax.php(192): do_action('wp_ajax_jtw_fet...')
#4 {main}
  thrown in /var/www/html/wp-content/plugins/journey-to-wealth/public/class-journey-to-wealth-public.php on line 380
[28-Jul-2025 15:06:54 UTC] PHP Fatal error:  Uncaught ArgumentCountError: Too few arguments to function Journey_To_Wealth_DCF_Model::calculate(), 8 passed in /var/www/html/wp-content/plugins/journey-to-wealth/public/class-journey-to-wealth-public.php on line 494 and exactly 9 expected in /var/www/html/wp-content/plugins/journey-to-wealth/includes/analysis/models/class-journey-to-wealth-dcf-model.php:196
Stack trace:
#0 /var/www/html/wp-content/plugins/journey-to-wealth/public/class-journey-to-wealth-public.php(494): Journey_To_Wealth_DCF_Model->calculate(Array, Array, Array, Array, Array, Array, 513.95, Array)
#1 /var/www/html/wp-content/plugins/journey-to-wealth/public/class-journey-to-wealth-public.php(426): Journey_To_Wealth_Public->get_valuation_results(Array, Array, Array, Array, Array, Array, 513.95, Array)
#2 /var/www/html/wp-includes/class-wp-hook.php(324): Journey_To_Wealth_Public->ajax_fetch_section_data('')
#3 /var/www/html/wp-includes/class-wp-hook.php(348): WP_Hook->apply_filters('', Array)
#4 /var/www/html/wp-includes/plugin.php(517): WP_Hook->do_action(Array)
#5 /var/www/html/wp-admin/admin-ajax.php(192): do_action('wp_ajax_jtw_fet...')
#6 {main}
  thrown in /var/www/html/wp-content/plugins/journey-to-wealth/includes/analysis/models/class-journey-to-wealth-dcf-model.php on line 196
[28-Jul-2025 15:09:13 UTC] PHP Deprecated:  preg_split(): Passing null to parameter #2 ($subject) of type string is deprecated in /var/www/html/wp-includes/formatting.php on line 3483
[28-Jul-2025 15:09:42 UTC] PHP Deprecated:  preg_split(): Passing null to parameter #2 ($subject) of type string is deprecated in /var/www/html/wp-includes/formatting.php on line 3483
[28-Jul-2025 15:09:55 UTC] PHP Deprecated:  preg_split(): Passing null to parameter #2 ($subject) of type string is deprecated in /var/www/html/wp-includes/formatting.php on line 3483
[28-Jul-2025 15:09:55 UTC] PHP Deprecated:  preg_match_all(): Passing null to parameter #2 ($subject) of type string is deprecated in /var/www/html/wp-includes/media.php on line 1873
[28-Jul-2025 15:09:55 UTC] PHP Deprecated:  preg_split(): Passing null to parameter #2 ($subject) of type string is deprecated in /var/www/html/wp-includes/formatting.php on line 3483
[28-Jul-2025 15:10:03 UTC] PHP Deprecated:  preg_split(): Passing null to parameter #2 ($subject) of type string is deprecated in /var/www/html/wp-includes/formatting.php on line 3483
[28-Jul-2025 15:10:06 UTC] PHP Deprecated:  preg_split(): Passing null to parameter #2 ($subject) of type string is deprecated in /var/www/html/wp-includes/formatting.php on line 3483
[28-Jul-2025 15:10:40 UTC] PHP Deprecated:  preg_split(): Passing null to parameter #2 ($subject) of type string is deprecated in /var/www/html/wp-includes/formatting.php on line 3483
[28-Jul-2025 15:10:50 UTC] PHP Deprecated:  preg_split(): Passing null to parameter #2 ($subject) of type string is deprecated in /var/www/html/wp-includes/formatting.php on line 3483
[28-Jul-2025 15:11:09 UTC] PHP Deprecated:  preg_split(): Passing null to parameter #2 ($subject) of type string is deprecated in /var/www/html/wp-includes/formatting.php on line 3483
[28-Jul-2025 15:11:15 UTC] PHP Deprecated:  preg_split(): Passing null to parameter #2 ($subject) of type string is deprecated in /var/www/html/wp-includes/formatting.php on line 3483
[28-Jul-2025 15:11:25 UTC] PHP Deprecated:  preg_split(): Passing null to parameter #2 ($subject) of type string is deprecated in /var/www/html/wp-includes/formatting.php on line 3483
[28-Jul-2025 15:16:22 UTC] PHP Deprecated:  Optional parameter $beta_details declared before required parameter $growth_rate_source is implicitly treated as a required parameter in /var/www/html/wp-content/plugins/journey-to-wealth/includes/analysis/models/class-journey-to-wealth-dcf-model.php on line 207
[28-Jul-2025 15:16:22 UTC] PHP Notice:  Function Perflab_Server_Timing::send_header was called <strong>incorrectly</strong>. The method must be called before headers have been sent. Please see <a href="https://developer.wordpress.org/advanced-administration/debug/debug-wordpress/">Debugging in WordPress</a> for more information.  in /var/www/html/wp-includes/functions.php on line 6121
[28-Jul-2025 15:16:22 UTC] PHP Deprecated:  preg_split(): Passing null to parameter #2 ($subject) of type string is deprecated in /var/www/html/wp-includes/formatting.php on line 3483
[28-Jul-2025 15:16:27 UTC] PHP Deprecated:  preg_split(): Passing null to parameter #2 ($subject) of type string is deprecated in /var/www/html/wp-includes/formatting.php on line 3483
[28-Jul-2025 15:16:29 UTC] PHP Deprecated:  preg_split(): Passing null to parameter #2 ($subject) of type string is deprecated in /var/www/html/wp-includes/formatting.php on line 3483
[28-Jul-2025 15:16:32 UTC] PHP Deprecated:  preg_split(): Passing null to parameter #2 ($subject) of type string is deprecated in /var/www/html/wp-includes/formatting.php on line 3483
[28-Jul-2025 15:16:38 UTC] PHP Deprecated:  preg_split(): Passing null to parameter #2 ($subject) of type string is deprecated in /var/www/html/wp-includes/formatting.php on line 3483
[28-Jul-2025 15:16:45 UTC] PHP Deprecated:  preg_split(): Passing null to parameter #2 ($subject) of type string is deprecated in /var/www/html/wp-includes/formatting.php on line 3483
[28-Jul-2025 15:17:37 UTC] PHP Deprecated:  preg_split(): Passing null to parameter #2 ($subject) of type string is deprecated in /var/www/html/wp-includes/formatting.php on line 3483
[28-Jul-2025 15:17:56 UTC] PHP Deprecated:  preg_split(): Passing null to parameter #2 ($subject) of type string is deprecated in /var/www/html/wp-includes/formatting.php on line 3483
[28-Jul-2025 15:18:13 UTC] PHP Deprecated:  preg_split(): Passing null to parameter #2 ($subject) of type string is deprecated in /var/www/html/wp-includes/formatting.php on line 3483
[28-Jul-2025 15:18:37 UTC] PHP Deprecated:  preg_split(): Passing null to parameter #2 ($subject) of type string is deprecated in /var/www/html/wp-includes/formatting.php on line 3483
[28-Jul-2025 15:18:48 UTC] PHP Deprecated:  preg_split(): Passing null to parameter #2 ($subject) of type string is deprecated in /var/www/html/wp-includes/formatting.php on line 3483
[28-Jul-2025 15:19:03 UTC] PHP Deprecated:  preg_split(): Passing null to parameter #2 ($subject) of type string is deprecated in /var/www/html/wp-includes/formatting.php on line 3483
[28-Jul-2025 15:19:25 UTC] PHP Deprecated:  preg_split(): Passing null to parameter #2 ($subject) of type string is deprecated in /var/www/html/wp-includes/formatting.php on line 3483
